1526747850313	geckodriver	INFO	geckodriver 0.20.0
1526747850326	geckodriver	INFO	Listening on 127.0.0.1:3712
1526747853391	mozrunner::runner	INFO	Running command: "C:\\Program Files\\Mozilla Firefox\\firefox.exe" "-marionette" "-profile" "C:\\Users\\16033\\AppData\\Local\\Temp\\rust_mozprofile.arAp7NAxdhxs"
Unable to read VR Path Registry from C:\Users\16033\AppData\Local\openvr\openvrpaths.vrpath
Unable to read VR Path Registry from C:\Users\16033\AppData\Local\openvr\openvrpaths.vrpath
Unable to read VR Path Registry from C:\Users\16033\AppData\Local\openvr\openvrpaths.vrpath
Unable to read VR Path Registry from C:\Users\16033\AppData\Local\openvr\openvrpaths.vrpath
1526747857566	Marionette	INFO	Listening on port 3720
Unable to read VR Path Registry from C:\Users\16033\AppData\Local\openvr\openvrpaths.vrpath
1526747858625	Marionette	WARN	TLS certificate errors will be ignored for this session
[Parent 16624, Gecko_IOThread] WARNING: pipe error: 109: file z:/build/build/src/ipc/chromium/src/chrome/common/ipc_channel_win.cc, line 346
[Parent 16624, Gecko_IOThread] WARNING: pipe error: 109: file z:/build/build/src/ipc/chromium/src/chrome/common/ipc_channel_win.cc, line 346
[Child 9360, Chrome_ChildThread] WARNING: pipe error: 109: file z:/build/build/src/ipc/chromium/src/chrome/common/ipc_channel_win.cc, line 346
[Child 9360, Chrome_ChildThread] WARNING: pipe error: 109: file z:/build/build/src/ipc/chromium/[Child 1200, Chrome_ChildThread] WARNING: pipe error: 109: file z:/build/build/src/ipc/chromium/src/chrome/common/ipc_channel_win.cc, line 346
[Child 1200, Chrome_ChildThread] WARNING: pipe error: 109: file z:/build/build/src/ipc/chromium/src/chrome/common/ipc_channel_win.cc, line 346
###!!! [Child][MessageChannel::SendAndWait] Error: Channel error: cannot send/recv

1526750957394	geckodriver	INFO	geckodriver 0.20.0
1526750957406	geckodriver	INFO	Listening on 127.0.0.1:2958
1526750960479	mozrunner::runner	INFO	Running command: "C:\\Program Files\\Mozilla Firefox\\firefox.exe" "-marionette" "-profile" "C:\\Users\\16033\\AppData\\Local\\Temp\\rust_mozprofile.CqO1Eydxjnwp"
Unable to read VR Path Registry from C:\Users\16033\AppData\Local\openvr\openvrpaths.vrpath
Unable to read VR Path Registry from C:\Users\16033\AppData\Local\openvr\openvrpaths.vrpath
Unable to read VR Path Registry from C:\Users\16033\AppData\Local\openvr\openvrpaths.vrpath
Unable to read VR Path Registry from C:\Users\16033\AppData\Local\openvr\openvrpaths.vrpath
1526750964022	Marionette	INFO	Listening on port 2967
1526750964469	Marionette	WARN	TLS certificate errors will be ignored for this session
Unable to read VR Path Registry from C:\Users\16033\AppData\Local\openvr\openvrpaths.vrpath
1526751051507	addons.productaddons	WARN	Failed downloading via XHR, status: 0, reason: error
JavaScript error: https://kyfw.12306.cn/otn/resources/js/help/header_footer.js, line 1: ReferenceError: $ is not defined
[Parent 8200, Gecko_IOThread] WARNING: pipe error: 109: file z:/build/build/src/ipc/chromium/src/chrome/common/ipc_channel_win.cc, line 346
[Parent 8200, Gecko_IOThread] WARNING: pipe error: 109: file z:/build/build/src/ipc/chromium/src/chrome/common/ipc_channel_win.cc, line 346
[Parent 8200, Gecko_IOThread] WARNING: pipe error: 109: file z:/build/build/src/ipc/chromium/src/chrome/common/ipc_channel_win.cc, line 346
[Child 8436, Chrome_ChildThread] WARNING: pipe error: 109: file z:/build/build/src/ipc/chromium/src/chrome/common/ipc_channel_win.cc, line 346
[Child 8436, Chrome_ChildThread[Parent 8200, Gecko_IOThread] WARNING: pipe error: 109: file z:/build/build/src/ipc/chromium/src/chrome/common/ipc_channel_win.cc, line 346

###!!! [Child][MessageChannel::SendAndWait] Error: Channel error: cannot send/recv

1526751091021	geckodriver::marionette	ERROR	Failed to stop browser process
1526751191690	geckodriver	INFO	geckodriver 0.20.0
1526751191705	geckodriver	INFO	Listening on 127.0.0.1:2031
1526751194740	mozrunner::runner	INFO	Running command: "C:\\Program Files\\Mozilla Firefox\\firefox.exe" "-marionette" "-profile" "C:\\Users\\16033\\AppData\\Local\\Temp\\rust_mozprofile.1OB8DMZwWUBN"
Unable to read VR Path Registry from C:\Users\16033\AppData\Local\openvr\openvrpaths.vrpath
Unable to read VR Path Registry from C:\Users\16033\AppData\Local\openvr\openvrpaths.vrpath
Unable to read VR Path Registry from C:\Users\16033\AppData\Local\openvr\openvrpaths.vrpath
Unable to read VR Path Registry from C:\Users\16033\AppData\Local\openvr\openvrpaths.vrpath
1526751197327	Marionette	INFO	Listening on port 2039
Unable to read VR Path Registry from C:\Users\16033\AppData\Local\openvr\openvrpaths.vrpath
1526751197856	Marionette	WARN	TLS certificate errors will be ignored for this session
[Parent 1044, Gecko_IOThread] WARNING: pipe error: 109: file z:/build/build/src/ipc/chromium/src/chrome/common/ipc_channel_win.cc, line 346
[Parent 1044, Gecko_IOThread] WARNING: pipe error: 109: file z:/build/build/src/ipc/chromium/src/chrome/common/ipc_channel_win.cc, line 346
[Parent 1044, Gecko_IOThread] WARNING: pipe error: 109: file z:/build/build/src/ipc/chromium/src/chrome/common/ipc_channel_win.cc, line 346
[Child 14376, Chrome_ChildThread] WARNING: pipe error: 109: file z:/build/build/src/ipc/chromium/src/chrome/common/ipc_channel_win.cc, line 346
[Child 14376, Chrome_ChildThread] WARNING: pi*** UTM:SVC TimerManager:registerTimer called after profile-before-change notification. Ignoring timer registration for id: telemetry_modules_ping
[GPU 8784, Chrome_ChildThread] WARNING: pipe error: 109: file z:/build/build/src/ipc/chromium/src/chrome/common/ipc_channel_win.cc, line 346

###!!! [Child][MessageChannel::SendAndWait] Error: Channel error: cannot send/recv

1526751218724	geckodriver::marionette	ERROR	Failed to stop browser process
1526821409519	geckodriver	INFO	geckodriver 0.20.0
1526821409874	geckodriver	INFO	Listening on 127.0.0.1:14236
1526821412589	mozrunner::runner	INFO	Running command: "C:\\Program Files\\Mozilla Firefox\\firefox.exe" "-marionette" "-profile" "C:\\Users\\16033\\AppData\\Local\\Temp\\rust_mozprofile.3nfGcvo4UfTK"
Unable to read VR Path Registry from C:\Users\16033\AppData\Local\openvr\openvrpaths.vrpath
Unable to read VR Path Registry from C:\Users\16033\AppData\Local\openvr\openvrpaths.vrpath
Unable to read VR Path Registry from C:\Users\16033\AppData\Local\openvr\openvrpaths.vrpath
Unable to read VR Path Registry from C:\Users\16033\AppData\Local\openvr\openvrpaths.vrpath
1526821416501	Marionette	INFO	Listening on port 14246
1526821416747	Marionette	WARN	TLS certificate errors will be ignored for this session
Unable to read VR Path Registry from C:\Users\16033\AppData\Local\openvr\openvrpaths.vrpath
Corrupt JPEG data: 14 extraneous bytes before marker 0xd9
Corrupt JPEG data: 15 extraneous bytes before marker 0xd9
[Parent 10464, Gecko_IOThread] WARNING: pipe error: 109: file z:/build/build/src/ipc/chromium/src/chrome/common/ipc_channel_win.cc, line 346
Corrupt JPEG data: 11 extraneous bytes before marker 0xd9
[Parent 10464, Gecko_IOThread] WARNING: pipe error: 109: file z:/build/build/src/ipc/chromium/src/chrome/common/ipc_channel_win.cc, line 346
console.warn: LoginRecipes: getRecipes: falling back to a synchronous message for: https://kyfw.12306.cn
[Parent 10464, Gecko_IOThread] WARNING: pipe error: 109: file z:/build/build/src/ipc/chromium/src/chrome/common/ipc_channel_win.cc, line 346
JavaScript warning: https://kyfw.12306.cn/otn/HttpZF/GetJS, line 100: Error: WebGL warning: Exceeded 16 live WebGL contexts for this principal, losing the least recently used one.
WebGL(0000019C2E312800)::ForceLoseContext
JavaScript warning: https://kyfw.12306.cn/otn/HttpZF/GetJS, line 95: Error: WebGL warning: Exceeded 16 live WebGL contexts for this principal, losing the least recently used one.
WebGL(0000019C2E313800)::ForceLoseContext
JavaScript warning: https://kyfw.12306.cn/otn/HttpZF/GetJS, line 100: Error: WebGL warning: Exceeded 16 live WebGL contexts for this principal, losing the least recently used one.
WebGL(0000019C30CC8800)::ForceLoseContext
JavaScript warning: https://kyfw.12306.cn/otn/HttpZF/GetJS, line 95: Error: WebGL warning: Exceeded 16 live WebGL contexts for this principal, losing the least recently used one.
WebGL(0000019C30CCB800)::ForceLoseContext
JavaScript warning: https://kyfw.12306.cn/otn/HttpZF/GetJS, line 100: Error: WebGL warning: Exceeded 16 live WebGL contexts for this principal, losing the least recently used one.
WebGL(0000019C30E8E800)::ForceLoseContext
JavaScript warning: https://kyfw.12306.cn/otn/HttpZF/GetJS, line 95: Error: WebGL warning: Exceeded 16 live WebGL contexts for this principal, losing the least recently used one.
WebGL(0000019C30E92800)::ForceLoseContext
JavaScript warning: https://kyfw.12306.cn/otn/HttpZF/GetJS, line 100: Error: WebGL warning: Exceeded 16 live WebGL contexts for this principal, losing the least recently used one.
WebGL(0000019C33D33000)::ForceLoseContext
JavaScript warning: https://kyfw.12306.cn/otn/HttpZF/GetJS, line 95: Error: WebGL warning: Exceeded 16 live WebGL contexts for this principal, losing the least recently used one.
WebGL(0000019C33DDC800)::ForceLoseContext
JavaScript warning: https://kyfw.12306.cn/otn/HttpZF/GetJS, line 100: Error: WebGL warning: Exceeded 16 live WebGL contexts for this principal, losing the least recently used one.
WebGL(0000019C343EA800)::ForceLoseContext
JavaScript warning: https://kyfw.12306.cn/otn/HttpZF/GetJS, line 95: Error: WebGL warning: Exceeded 16 live WebGL contexts for this principal, losing the least recently used one.
WebGL(0000019C343EC000)::ForceLoseContext
JavaScript warning: https://kyfw.12306.cn/otn/HttpZF/GetJS, line 100: Error: WebGL warning: Exceeded 16 live WebGL contexts for this principal, losing the least recently used one.
WebGL(0000019C35648800)::ForceLoseContext
JavaScript warning: https://kyfw.12306.cn/otn/HttpZF/GetJS, line 95: Error: WebGL warning: Exceeded 16 live WebGL contexts for this principal, losing the least recently used one.
WebGL(0000019C3564A800)::ForceLoseContext
JavaScript warning: https://kyfw.12306.cn/otn/HttpZF/GetJS, line 100: Error: WebGL warning: Exceeded 16 live WebGL contexts for this principal, losing the least recently used one.
WebGL(0000019C35666000)::ForceLoseContext
[Parent 10464, Gecko_IOThread] WARNING: pipe error: 109: file z:/build/build/src/ipc/chromium/src/chrome/common/ipc_channel_win.cc, line 346
[Child 8992, Chrome_ChildThread] WARNING: pipe error: 109: file z:/build/build/src/ipc/chromium/src/chrome/common/ipc_channel_win.cc, line 346
[Child 8992, Chrome_ChildThread] [Parent 10464, Gecko_IOThread] WARNING: pipe error: 109: file z:/build/build/src/ipc/chromium/src/chrome/common/ipc_channel_win.cc, line 346
[Child 5352, Chrome_ChildThread] WARNING: pipe error: 109: file z:/build/build/src/ipc/chromium/src/chrome/common/ipc_channel_win.cc, line 346
[Child 5352, Ch[Parent 10464, Gecko_IOThread] WARNING: pipe error: 109: file z:/build/build/src/ipc/chromium/src/chrome/common/ipc_channel_win.cc, line 346
[Child 12684, Chrome_ChildThread] WARNING: pipe error: 109: file z:/build/build/src/ipc/chromium/src/chrome/common/ipc_channel_win.cc, line 346
[Child 12684, Chrome_ChildThread] WARNING: pipe error: 109: file z:/buil
###!!! [Child][MessageChannel::SendAndWait] Error: Channel error: cannot send/recv

e.
WebGL(0000025E63F07000)::ForceLoseContext
JavaScript warning: https://kyfw.12306.cn/otn/HttpZF/GetJS, line 93: Error: WebGL warning: Exceeded 16 live WebGL contexts for this principal, losing the least recently used one.
WebGL(0000025E640B4800)::ForceLoseContext
JavaScript warning: https://kyfw.12306.cn/otn/HttpZF/GetJS, line 92: Error: WebGL warning: Exceeded 16 live WebGL contexts for this principal, losing the least recently used one.
WebGL(0000025E640B9800)::ForceLoseContext
JavaScript warning: https://kyfw.12306.cn/otn/HttpZF/GetJS, line 93: Error: WebGL warning: Exceeded 16 live WebGL contexts for this principal, losing the least recently used one.
WebGL(0000025E64359000)::ForceLoseContext
[Parent 7600, Gecko_IOThread] WARNING: pipe error: 109: file z:/build/build/src/ipc/chromium/src/chrome/common/ipc_channel_win.cc, line 346
[Parent 7600, Gecko_IOThread] WARNING: pipe error: 109: file z:/build/build/src/ipc/chromium/src/chrome/common/ipc_channel_win.cc, line 346
[Child 12980, Chrome_ChildThread] WARNING: pipe error: 109: file z:/build/build/src/ipc/chromium/src/chrome/common/ipc_channel_win.cc, line 346
[Child 12980, Chrome_ChildThread] WARNING: pipe [Parent 7600, Gecko_IOThread] WARNING: pipe error: 109: file z:/build/build/src/ipc/chromium/src/chrome/common/ipc_channel_win.cc, line 346
[Child 4528, Chrome_ChildThread] WARNING: pipe error: 109: file z:/build/build/src/ipc/chromium/src/chrome/common/ipc_channel_win.cc, line 346
[Child 452[Parent 7600, Gecko_IOThread] WARNING: pipe error: 109: file z:/build/build/src/ipc/chromium/src/chrome/common/ipc_channel_win.cc, line 346
[Child 12084, Chrome_ChildThread] WARNING: pipe error: 109: file z:/build/build/src/ipc/chromium/src/chrome/common/ipc_channel_win.cc, line 346
[Child 12084, Chrome_ChildThread] WARNING: pipe error: 109: file z:/build/build/src/ipc/chromium/src/chrome/common/ipc_channel_win.cc, line 346

###!!! [Child][MessageChannel::SendAndWait] Error: Channel error: cannot send/recv

tly used one.
WebGL(000001A664435800)::ForceLoseContext
JavaScript warning: https://kyfw.12306.cn/otn/HttpZF/GetJS, line 100: Error: WebGL warning: Exceeded 16 live WebGL contexts for this principal, losing the least recently used one.
WebGL(000001A664560000)::ForceLoseContext
[Parent 904, Gecko_IOThread] WARNING: pipe error: 109: file z:/build/build/src/ipc/chromium/src/chrome/common/ipc_channel_win.cc, line 346
[Parent 904, Gecko_IOThread] WARNING: pipe error: 109: file z:/build/build/src/ipc/chromium/src/chrome/common/ipc_channel_win.cc, line 346
[Parent 904, Gecko_IOThread] WARNING: pipe error: 109: file z:/build/build/src/ipc/chromium/src/chrome/common/ipc_channel_win.cc, line 346
[Child 12788, Chrome_ChildThread] WARNING: pipe error: 109: file z:/build/build/src/ipc/chromium/src/chrome/common/ipc_channel_win.cc, line 346
[Child 12788, Chrome_ChildThread] WARNING: pipe error:[Child 13804, Chrome_ChildThread] WARNING: pipe error: 109: file z:/build/build/src/ipc/chromium/src/chrome/common/ipc_channel_win.cc, line 346
[Child 13804, Chrome_ChildThread] WARNING[Parent 15100, Gecko_IOThread] WARNING: pipe error: 109: file z:/build/build/src/ipc/chromium/src/chrome/common/ipc_channel_win.cc, line 346
[Parent 15100, Gecko_IOThread] WARNING: pipe error: 109: file z:/build/build/src/ipc/chromium/src/chrome/common/ipc_channel_win.cc, line 346
[Child 224, Chrome_ChildThread] WARNING: pipe error: 109: file z:/build/build/src/ipc/chromium/src/chrome/common/ipc_channel_win.cc, line 346
[Child 15576, Chrome_ChildThread] WARNING: pipe error: 109: file z:/build/build/src/ipc/chromium/src/chrome/common/ipc_channel_win.cc, line 346
[Child 15576, Chrome_ChildThread] WARNING: pipe error: 109: file z:/build/build/src/ipc/chromium/src/chrom[Parent 15100, Gecko_IOThread] WARNING: pipe error: 109: file z:/build/build/src/ipc/chromium/src/chrome/common/ipc_channel_win.cc, line 346

###!!! [Child][MessageChannel::SendAndWait] Error: Channel error: cannot send/recv

1526828009792	geckodriver	INFO	geckodriver 0.20.0
1526828009806	geckodriver	INFO	Listening on 127.0.0.1:1132
1526828012810	mozrunner::runner	INFO	Running command: "C:\\Program Files\\Mozilla Firefox\\firefox.exe" "-marionette" "-profile" "C:\\Users\\16033\\AppData\\Local\\Temp\\rust_mozprofile.1SuAH4NLgFdb"
Unable to read VR Path Registry from C:\Users\16033\AppData\Local\openvr\openvrpaths.vrpath
Unable to read VR Path Registry from C:\Users\16033\AppData\Local\openvr\openvrpaths.vrpath
Unable to read VR Path Registry from C:\Users\16033\AppData\Local\openvr\openvrpaths.vrpath
Unable to read VR Path Registry from C:\Users\16033\AppData\Local\openvr\openvrpaths.vrpath
1526828015533	Marionette	INFO	Listening on port 1146
Unable to read VR Path Registry from C:\Users\16033\AppData\Local\openvr\openvrpaths.vrpath
1526828015949	Marionette	WARN	TLS certificate errors will be ignored for this session
Corrupt JPEG data: 17 extraneous bytes before marker 0xd9
[Parent 988, Gecko_IOThread] WARNING: pipe error: 109: file z:/build/build/src/ipc/chromium/src/chrome/common/ipc_channel_win.cc, line 346
[Parent 988, Gecko_IOThread] WARNING: pipe error: 109: file z:/build/build/src/ipc/chromium/src/chrome/common/ipc_channel_win.cc, line 346
[Child 3812, Chrome_ChildThread] WARNING: pipe error: 109: file z:/build/build/src/ipc/chromium/src/chrome/common/ipc_channel_win.cc, line 346
[Child 3812, Chrome_ChildThread] WARNING: pipe error: 109: file z:/build/build/src/ipc/chromium/src/chrome/common/ipc_channel_win.cc, line 346
[Child 7980, Chrome_ChildThread] WARNING: pipe error: 109: file z:/build/build/src/ipc/chromium/src/chrome/common/ipc_channel_win.cc, line 346
[Child 7980, Chrome_ChildThread] WARNING: pipe error: 109: file z:/build/build/src/ipc/chromium/src/chrome/common/ipc_channel_win.cc, line 346

###!!! [Child][MessageChannel::SendAndWait] Error: Channel error: cannot send/recv

for this session
Unable to read VR Path Registry from C:\Users\16033\AppData\Local\openvr\openvrpaths.vrpath
Corrupt JPEG data: 11 extraneous bytes before marker 0xd9
[Parent 14244, Gecko_IOThread] WARNING: pipe error: 109: file z:/build/build/src/ipc/chromium/src/chrome/common/ipc_channel_win.cc, line 346
[Parent 14244, Gecko_IOThread] WARNING: pipe error: 109: file z:/build/build/src/ipc/chromium/src/chrome/common/ipc_channel_win.cc, line 346
